c:\dev\projects_cpp\doodlejump\doodlejump\bin-int\debug-windows-x86_64\doodlejump\vc143.pdb
c:\dev\projects_cpp\doodlejump\doodlejump\bin-int\debug-windows-x86_64\doodlejump\vc143.idb
c:\dev\projects_cpp\doodlejump\doodlejump\bin-int\debug-windows-x86_64\doodlejump\djgamemode.obj
c:\dev\projects_cpp\doodlejump\doodlejump\bin-int\debug-windows-x86_64\doodlejump\crosshair.obj
c:\dev\projects_cpp\doodlejump\doodlejump\bin-int\debug-windows-x86_64\doodlejump\followcameracomponent.obj
c:\dev\projects_cpp\doodlejump\doodlejump\bin-int\debug-windows-x86_64\doodlejump\doodlemovementcomponent.obj
c:\dev\projects_cpp\doodlejump\doodlejump\bin-int\debug-windows-x86_64\doodlejump\background.obj
c:\dev\projects_cpp\doodlejump\doodlejump\bin-int\debug-windows-x86_64\doodlejump\world.obj
c:\dev\projects_cpp\doodlejump\doodlejump\bin-int\debug-windows-x86_64\doodlejump\scene.obj
c:\dev\projects_cpp\doodlejump\doodlejump\bin-int\debug-windows-x86_64\doodlejump\collisionsystem.obj
c:\dev\projects_cpp\doodlejump\doodlejump\bin-int\debug-windows-x86_64\doodlejump\renderer.obj
c:\dev\projects_cpp\doodlejump\doodlejump\bin-int\debug-windows-x86_64\doodlejump\vector4d.obj
c:\dev\projects_cpp\doodlejump\doodlejump\bin-int\debug-windows-x86_64\doodlejump\vector2d.obj
c:\dev\projects_cpp\doodlejump\doodlejump\bin-int\debug-windows-x86_64\doodlejump\vector.obj
c:\dev\projects_cpp\doodlejump\doodlejump\bin-int\debug-windows-x86_64\doodlejump\matrix4.obj
c:\dev\projects_cpp\doodlejump\doodlejump\bin-int\debug-windows-x86_64\doodlejump\funcmatrix.obj
c:\dev\projects_cpp\doodlejump\doodlejump\bin-int\debug-windows-x86_64\doodlejump\funcgeometric.obj
c:\dev\projects_cpp\doodlejump\doodlejump\bin-int\debug-windows-x86_64\doodlejump\eventhandler.obj
c:\dev\projects_cpp\doodlejump\doodlejump\bin-int\debug-windows-x86_64\doodlejump\gameobject.obj
c:\dev\projects_cpp\doodlejump\doodlejump\bin-int\debug-windows-x86_64\doodlejump\movementcomponent.obj
c:\dev\projects_cpp\doodlejump\doodlejump\bin-int\debug-windows-x86_64\doodlejump\cameracomponent.obj
c:\dev\projects_cpp\doodlejump\doodlejump\bin-int\debug-windows-x86_64\doodlejump\boxcomponent.obj
c:\dev\projects_cpp\doodlejump\doodlejump\bin-int\debug-windows-x86_64\doodlejump\game.obj
c:\dev\projects_cpp\doodlejump\doodlejump\bin-int\debug-windows-x86_64\doodlejump\platform.obj
c:\dev\projects_cpp\doodlejump\doodlejump\bin-int\debug-windows-x86_64\doodlejump\doodle.obj
c:\dev\projects_cpp\doodlejump\doodlejump\bin-int\debug-windows-x86_64\doodlejump\doodlejump.tlog\cl.command.1.tlog
c:\dev\projects_cpp\doodlejump\doodlejump\bin-int\debug-windows-x86_64\doodlejump\doodlejump.tlog\cl.read.1.tlog
c:\dev\projects_cpp\doodlejump\doodlejump\bin-int\debug-windows-x86_64\doodlejump\doodlejump.tlog\cl.write.1.tlog
c:\dev\projects_cpp\doodlejump\doodlejump\bin-int\debug-windows-x86_64\doodlejump\doodlejump.tlog\link.command.1.tlog
c:\dev\projects_cpp\doodlejump\doodlejump\bin-int\debug-windows-x86_64\doodlejump\doodlejump.tlog\link.read.1.tlog
c:\dev\projects_cpp\doodlejump\doodlejump\bin-int\debug-windows-x86_64\doodlejump\doodlejump.tlog\link.write.1.tlog
